# JRE version: Java(TM) SE Runtime Environment 18.9 (11.0.15.1+2) (build 11.0.15.1+2-LTS-10)
# Java VM: Java HotSpot(TM) 64-Bit Server VM 18.9 (11.0.15.1+2-LTS-10, mixed mode, tiered, compressed oops, g1 gc, windows-amd64)
Heap:
 garbage-first heap   total 129024K, used 94225K [0x0000000082400000, 0x0000000100000000)
  region size 1024K, 64 young (65536K), 8 survivors (8192K)
 Metaspace       used 75880K, capacity 77462K, committed 77648K, reserved 1116160K
  class space    used 9422K, capacity 9994K, committed 10108K, reserved 1048576K
GC Heap History (10 events):
Event: 8.931 GC heap before
{Heap before GC invocations=9 (full 0):
 garbage-first heap   total 129024K, used 89747K [0x0000000082400000, 0x0000000100000000)
  region size 1024K, 71 young (72704K), 9 survivors (9216K)
 Metaspace       used 53166K, capacity 54295K, committed 54480K, reserved 1097728K
  class space    used 6598K, capacity 7037K, committed 7164K, reserved 1048576K
}
Event: 8.940 GC heap after
{Heap after GC invocations=10 (full 0):
 garbage-first heap   total 129024K, used 28838K [0x0000000082400000, 0x0000000100000000)
  region size 1024K, 3 young (3072K), 3 survivors (3072K)
 Metaspace       used 53166K, capacity 54295K, committed 54480K, reserved 1097728K
  class space    used 6598K, capacity 7037K, committed 7164K, reserved 1048576K
}
Event: 10.474 GC heap before
{Heap before GC invocations=10 (full 0):
 garbage-first heap   total 129024K, used 79014K [0x0000000082400000, 0x0000000100000000)
  region size 1024K, 53 young (54272K), 3 survivors (3072K)
 Metaspace       used 59351K, capacity 60411K, committed 60508K, reserved 1101824K
  class space    used 7468K, capacity 7896K, committed 7932K, reserved 1048576K
}
Event: 10.482 GC heap after
{Heap after GC invocations=11 (full 0):
 garbage-first heap   total 129024K, used 30393K [0x0000000082400000, 0x0000000100000000)
  region size 1024K, 4 young (4096K), 4 survivors (4096K)
 Metaspace       used 59351K, capacity 60411K, committed 60508K, reserved 1101824K
  class space    used 7468K, capacity 7896K, committed 7932K, reserved 1048576K
}
Event: 11.484 GC heap before
{Heap before GC invocations=12 (full 0):
 garbage-first heap   total 129024K, used 94905K [0x0000000082400000, 0x0000000100000000)
  region size 1024K, 67 young (68608K), 4 survivors (4096K)
 Metaspace       used 62603K, capacity 63775K, committed 63952K, reserved 1105920K
  class space    used 7901K, capacity 8366K, committed 8444K, reserved 1048576K
}
Event: 11.492 GC heap after
{Heap after GC invocations=13 (full 0):
 garbage-first heap   total 129024K, used 31635K [0x0000000082400000, 0x0000000100000000)
  region size 1024K, 5 young (5120K), 5 survivors (5120K)
 Metaspace       used 62603K, capacity 63775K, committed 63952K, reserved 1105920K
  class space    used 7901K, capacity 8366K, committed 8444K, reserved 1048576K
}
Event: 12.881 GC heap before
{Heap before GC invocations=13 (full 0):
 garbage-first heap   total 129024K, used 97171K [0x0000000082400000, 0x0000000100000000)
  region size 1024K, 69 young (70656K), 5 survivors (5120K)
 Metaspace       used 65570K, capacity 66865K, committed 67024K, reserved 1107968K
  class space    used 8146K, capacity 8635K, committed 8700K, reserved 1048576K
}
Event: 12.888 GC heap after
{Heap after GC invocations=14 (full 0):
 garbage-first heap   total 129024K, used 34145K [0x0000000082400000, 0x0000000100000000)
  region size 1024K, 6 young (6144K), 6 survivors (6144K)
 Metaspace       used 65570K, capacity 66865K, committed 67024K, reserved 1107968K
  class space    used 8146K, capacity 8635K, committed 8700K, reserved 1048576K
}
Event: 14.187 GC heap before
{Heap before GC invocations=14 (full 0):
 garbage-first heap   total 129024K, used 99681K [0x0000000082400000, 0x0000000100000000)
  region size 1024K, 70 young (71680K), 6 survivors (6144K)
 Metaspace       used 69645K, capacity 71127K, committed 71248K, reserved 1112064K
  class space    used 8702K, capacity 9271K, committed 9340K, reserved 1048576K
}
Event: 14.195 GC heap after
{Heap after GC invocations=15 (full 0):
 garbage-first heap   total 129024K, used 37905K [0x0000000082400000, 0x0000000100000000)
  region size 1024K, 8 young (8192K), 8 survivors (8192K)
 Metaspace       used 69645K, capacity 71127K, committed 71248K, reserved 1112064K
  class space    used 8702K, capacity 9271K, committed 9340K, reserved 1048576K
}

