# JRE version: Java(TM) SE Runtime Environment 18.9 (11.0.15.1+2) (build 11.0.15.1+2-LTS-10)
# Java VM: Java HotSpot(TM) 64-Bit Server VM 18.9 (11.0.15.1+2-LTS-10, mixed mode, tiered, compressed oops, g1 gc, windows-amd64)
Heap:
 garbage-first heap   total 197632K, used 91666K [0x0000000082400000, 0x0000000100000000)
  region size 1024K, 60 young (61440K), 7 survivors (7168K)
 Metaspace       used 77616K, capacity 79146K, committed 79312K, reserved 1118208K
  class space    used 9611K, capacity 10200K, committed 10240K, reserved 1048576K
GC Heap History (10 events):
Event: 6.751 GC heap before
{Heap before GC invocations=12 (full 0):
 garbage-first heap   total 187392K, used 112473K [0x0000000082400000, 0x0000000100000000)
  region size 1024K, 85 young (87040K), 4 survivors (4096K)
 Metaspace       used 63979K, capacity 65209K, committed 65360K, reserved 1105920K
  class space    used 8040K, capacity 8504K, committed 8576K, reserved 1048576K
}
Event: 6.757 GC heap after
{Heap after GC invocations=13 (full 0):
 garbage-first heap   total 187392K, used 32005K [0x0000000082400000, 0x0000000100000000)
  region size 1024K, 6 young (6144K), 6 survivors (6144K)
 Metaspace       used 63979K, capacity 65209K, committed 65360K, reserved 1105920K
  class space    used 8040K, capacity 8504K, committed 8576K, reserved 1048576K
}
Event: 71.646 GC heap before
{Heap before GC invocations=13 (full 0):
 garbage-first heap   total 187392K, used 128261K [0x0000000082400000, 0x0000000100000000)
  region size 1024K, 100 young (102400K), 6 survivors (6144K)
 Metaspace       used 69261K, capacity 70748K, committed 70992K, reserved 1112064K
  class space    used 8718K, capacity 9275K, committed 9344K, reserved 1048576K
}
Event: 71.661 GC heap after
{Heap after GC invocations=14 (full 0):
 garbage-first heap   total 187392K, used 35939K [0x0000000082400000, 0x0000000100000000)
  region size 1024K, 10 young (10240K), 10 survivors (10240K)
 Metaspace       used 69261K, capacity 70748K, committed 70992K, reserved 1112064K
  class space    used 8718K, capacity 9275K, committed 9344K, reserved 1048576K
}
Event: 350.499 GC heap before
{Heap before GC invocations=14 (full 0):
 garbage-first heap   total 187392K, used 179299K [0x0000000082400000, 0x0000000100000000)
  region size 1024K, 105 young (107520K), 10 survivors (10240K)
 Metaspace       used 76916K, capacity 78454K, committed 78800K, reserved 1118208K
  class space    used 9561K, capacity 10133K, committed 10240K, reserved 1048576K
}
Event: 350.550 GC heap after
{Heap after GC invocations=15 (full 0):
 garbage-first heap   total 193536K, used 37772K [0x0000000082400000, 0x0000000100000000)
  region size 1024K, 9 young (9216K), 9 survivors (9216K)
 Metaspace       used 76916K, capacity 78454K, committed 78800K, reserved 1118208K
  class space    used 9561K, capacity 10133K, committed 10240K, reserved 1048576K
}
Event: 912.881 GC heap before
{Heap before GC invocations=15 (full 0):
 garbage-first heap   total 193536K, used 186252K [0x0000000082400000, 0x0000000100000000)
  region size 1024K, 109 young (111616K), 9 survivors (9216K)
 Metaspace       used 77496K, capacity 79043K, committed 79312K, reserved 1118208K
  class space    used 9604K, capacity 10193K, committed 10240K, reserved 1048576K
}
Event: 912.892 GC heap after
{Heap after GC invocations=16 (full 0):
 garbage-first heap   total 197632K, used 38561K [0x0000000082400000, 0x0000000100000000)
  region size 1024K, 7 young (7168K), 7 survivors (7168K)
 Metaspace       used 77496K, capacity 79043K, committed 79312K, reserved 1118208K
  class space    used 9604K, capacity 10193K, committed 10240K, reserved 1048576K
}
Event: 1693.089 GC heap before
{Heap before GC invocations=16 (full 0):
 garbage-first heap   total 197632K, used 149153K [0x0000000082400000, 0x0000000100000000)
  region size 1024K, 115 young (117760K), 7 survivors (7168K)
 Metaspace       used 77500K, capacity 79043K, committed 79312K, reserved 1118208K
  class space    used 9604K, capacity 10193K, committed 10240K, reserved 1048576K
}
Event: 1693.095 GC heap after
{Heap after GC invocations=17 (full 0):
 garbage-first heap   total 197632K, used 38418K [0x0000000082400000, 0x0000000100000000)
  region size 1024K, 7 young (7168K), 7 survivors (7168K)
 Metaspace       used 77500K, capacity 79043K, committed 79312K, reserved 1118208K
  class space    used 9604K, capacity 10193K, committed 10240K, reserved 1048576K
}

