# JRE version: Java(TM) SE Runtime Environment 18.9 (11.0.15.1+2) (build 11.0.15.1+2-LTS-10)
# Java VM: Java HotSpot(TM) 64-Bit Server VM 18.9 (11.0.15.1+2-LTS-10, mixed mode, tiered, compressed oops, g1 gc, windows-amd64)
Heap:
 garbage-first heap   total 155648K, used 53867K [0x0000000082400000, 0x0000000100000000)
  region size 1024K, 23 young (23552K), 8 survivors (8192K)
 Metaspace       used 77743K, capacity 79313K, committed 79648K, reserved 1118208K
  class space    used 9628K, capacity 10248K, committed 10368K, reserved 1048576K
GC Heap History (10 events):
Event: 6.763 GC heap before
{Heap before GC invocations=11 (full 0):
 garbage-first heap   total 155648K, used 105014K [0x0000000082400000, 0x0000000100000000)
  region size 1024K, 77 young (78848K), 4 survivors (4096K)
 Metaspace       used 62713K, capacity 63936K, committed 64160K, reserved 1105920K
  class space    used 7919K, capacity 8398K, committed 8448K, reserved 1048576K
}
Event: 6.767 GC heap after
{Heap after GC invocations=12 (full 0):
 garbage-first heap   total 155648K, used 31565K [0x0000000082400000, 0x0000000100000000)
  region size 1024K, 6 young (6144K), 6 survivors (6144K)
 Metaspace       used 62713K, capacity 63936K, committed 64160K, reserved 1105920K
  class space    used 7919K, capacity 8398K, committed 8448K, reserved 1048576K
}
Event: 7.607 GC heap before
{Heap before GC invocations=12 (full 0):
 garbage-first heap   total 155648K, used 108365K [0x0000000082400000, 0x0000000100000000)
  region size 1024K, 81 young (82944K), 6 survivors (6144K)
 Metaspace       used 66230K, capacity 67598K, committed 67872K, reserved 1107968K
  class space    used 8222K, capacity 8741K, committed 8832K, reserved 1048576K
}
Event: 7.612 GC heap after
{Heap after GC invocations=13 (full 0):
 garbage-first heap   total 155648K, used 33949K [0x0000000082400000, 0x0000000100000000)
  region size 1024K, 8 young (8192K), 8 survivors (8192K)
 Metaspace       used 66230K, capacity 67598K, committed 67872K, reserved 1107968K
  class space    used 8222K, capacity 8741K, committed 8832K, reserved 1048576K
}
Event: 58.705 GC heap before
{Heap before GC invocations=13 (full 0):
 garbage-first heap   total 155648K, used 116893K [0x0000000082400000, 0x0000000100000000)
  region size 1024K, 89 young (91136K), 8 survivors (8192K)
 Metaspace       used 70615K, capacity 72082K, committed 72352K, reserved 1112064K
  class space    used 8825K, capacity 9397K, committed 9472K, reserved 1048576K
}
Event: 58.718 GC heap after
{Heap after GC invocations=14 (full 0):
 garbage-first heap   total 155648K, used 37581K [0x0000000082400000, 0x0000000100000000)
  region size 1024K, 10 young (10240K), 10 survivors (10240K)
 Metaspace       used 70615K, capacity 72082K, committed 72352K, reserved 1112064K
  class space    used 8825K, capacity 9397K, committed 9472K, reserved 1048576K
}
Event: 443.638 GC heap before
{Heap before GC invocations=14 (full 0):
 garbage-first heap   total 155648K, used 118477K [0x0000000082400000, 0x0000000100000000)
  region size 1024K, 89 young (91136K), 10 survivors (10240K)
 Metaspace       used 70715K, capacity 72146K, committed 72352K, reserved 1112064K
  class space    used 8826K, capacity 9397K, committed 9472K, reserved 1048576K
}
Event: 443.666 GC heap after
{Heap after GC invocations=15 (full 0):
 garbage-first heap   total 155648K, used 38031K [0x0000000082400000, 0x0000000100000000)
  region size 1024K, 7 young (7168K), 7 survivors (7168K)
 Metaspace       used 70715K, capacity 72146K, committed 72352K, reserved 1112064K
  class space    used 8826K, capacity 9397K, committed 9472K, reserved 1048576K
}
Event: 634.076 GC heap before
{Heap before GC invocations=15 (full 0):
 garbage-first heap   total 155648K, used 121999K [0x0000000082400000, 0x0000000100000000)
  region size 1024K, 89 young (91136K), 7 survivors (7168K)
 Metaspace       used 77740K, capacity 79313K, committed 79648K, reserved 1118208K
  class space    used 9628K, capacity 10248K, committed 10368K, reserved 1048576K
}
Event: 634.097 GC heap after
{Heap after GC invocations=16 (full 0):
 garbage-first heap   total 155648K, used 39531K [0x0000000082400000, 0x0000000100000000)
  region size 1024K, 8 young (8192K), 8 survivors (8192K)
 Metaspace       used 77740K, capacity 79313K, committed 79648K, reserved 1118208K
  class space    used 9628K, capacity 10248K, committed 10368K, reserved 1048576K
}

