# JRE version: Java(TM) SE Runtime Environment 18.9 (11.0.15.1+2) (build 11.0.15.1+2-LTS-10)
# Java VM: Java HotSpot(TM) 64-Bit Server VM 18.9 (11.0.15.1+2-LTS-10, mixed mode, tiered, compressed oops, g1 gc, windows-amd64)
Heap:
 garbage-first heap   total 155648K, used 55838K [0x0000000082400000, 0x0000000100000000)
  region size 1024K, 6 young (6144K), 4 survivors (4096K)
 Metaspace       used 77460K, capacity 78917K, committed 79312K, reserved 1118208K
  class space    used 9595K, capacity 10161K, committed 10240K, reserved 1048576K
GC Heap History (10 events):
Event: 801.462 GC heap before
{Heap before GC invocations=14 (full 0):
 garbage-first heap   total 155648K, used 117412K [0x0000000082400000, 0x0000000100000000)
  region size 1024K, 82 young (83968K), 5 survivors (5120K)
 Metaspace       used 72338K, capacity 73814K, committed 73936K, reserved 1114112K
  class space    used 9059K, capacity 9613K, committed 9728K, reserved 1048576K
}
Event: 801.482 GC heap after
{Heap after GC invocations=15 (full 0):
 garbage-first heap   total 155648K, used 39091K [0x0000000082400000, 0x0000000100000000)
  region size 1024K, 6 young (6144K), 6 survivors (6144K)
 Metaspace       used 72338K, capacity 73814K, committed 73936K, reserved 1114112K
  class space    used 9059K, capacity 9613K, committed 9728K, reserved 1048576K
}
Event: 832.289 GC heap before
{Heap before GC invocations=15 (full 0):
 garbage-first heap   total 155648K, used 116915K [0x0000000082400000, 0x0000000100000000)
  region size 1024K, 52 young (53248K), 6 survivors (6144K)
 Metaspace       used 77063K, capacity 78627K, committed 78800K, reserved 1118208K
  class space    used 9584K, capacity 10167K, committed 10240K, reserved 1048576K
}
Event: 832.314 GC heap after
{Heap after GC invocations=16 (full 0):
 garbage-first heap   total 155648K, used 46888K [0x0000000082400000, 0x0000000100000000)
  region size 1024K, 7 young (7168K), 7 survivors (7168K)
 Metaspace       used 77063K, capacity 78627K, committed 78800K, reserved 1118208K
  class space    used 9584K, capacity 10167K, committed 10240K, reserved 1048576K
}
Event: 949.677 GC heap before
{Heap before GC invocations=17 (full 0):
 garbage-first heap   total 155648K, used 105256K [0x0000000082400000, 0x0000000100000000)
  region size 1024K, 38 young (38912K), 7 survivors (7168K)
 Metaspace       used 77303K, capacity 78756K, committed 79056K, reserved 1118208K
  class space    used 9599K, capacity 10169K, committed 10240K, reserved 1048576K
}
Event: 949.689 GC heap after
{Heap after GC invocations=18 (full 0):
 garbage-first heap   total 155648K, used 48725K [0x0000000082400000, 0x0000000100000000)
  region size 1024K, 4 young (4096K), 4 survivors (4096K)
 Metaspace       used 77303K, capacity 78756K, committed 79056K, reserved 1118208K
  class space    used 9599K, capacity 10169K, committed 10240K, reserved 1048576K
}
Event: 1008.418 GC heap before
{Heap before GC invocations=19 (full 0):
 garbage-first heap   total 155648K, used 89685K [0x0000000082400000, 0x0000000100000000)
  region size 1024K, 23 young (23552K), 4 survivors (4096K)
 Metaspace       used 77460K, capacity 78994K, committed 79056K, reserved 1118208K
  class space    used 9606K, capacity 10181K, committed 10240K, reserved 1048576K
}
Event: 1008.424 GC heap after
{Heap after GC invocations=20 (full 0):
 garbage-first heap   total 155648K, used 48639K [0x0000000082400000, 0x0000000100000000)
  region size 1024K, 4 young (4096K), 4 survivors (4096K)
 Metaspace       used 77460K, capacity 78994K, committed 79056K, reserved 1118208K
  class space    used 9606K, capacity 10181K, committed 10240K, reserved 1048576K
}
Event: 1135.807 GC heap before
{Heap before GC invocations=21 (full 0):
 garbage-first heap   total 155648K, used 96767K [0x0000000082400000, 0x0000000100000000)
  region size 1024K, 30 young (30720K), 4 survivors (4096K)
 Metaspace       used 77403K, capacity 78820K, committed 79056K, reserved 1118208K
  class space    used 9590K, capacity 10152K, committed 10240K, reserved 1048576K
}
Event: 1135.814 GC heap after
{Heap after GC invocations=22 (full 0):
 garbage-first heap   total 155648K, used 48670K [0x0000000082400000, 0x0000000100000000)
  region size 1024K, 4 young (4096K), 4 survivors (4096K)
 Metaspace       used 77403K, capacity 78820K, committed 79056K, reserved 1118208K
  class space    used 9590K, capacity 10152K, committed 10240K, reserved 1048576K
}

