# JRE version: Java(TM) SE Runtime Environment 18.9 (11.0.15.1+2) (build 11.0.15.1+2-LTS-10)
# Java VM: Java HotSpot(TM) 64-Bit Server VM 18.9 (11.0.15.1+2-LTS-10, mixed mode, tiered, compressed oops, g1 gc, windows-amd64)
Heap:
 garbage-first heap   total 116736K, used 60555K [0x0000000082400000, 0x0000000100000000)
  region size 1024K, 20 young (20480K), 3 survivors (3072K)
 Metaspace       used 85498K, capacity 87231K, committed 87504K, reserved 1126400K
  class space    used 10209K, capacity 10892K, committed 10964K, reserved 1048576K
GC Heap History (10 events):
Event: 458.124 GC heap before
{Heap before GC invocations=31 (full 2):
 garbage-first heap   total 116736K, used 93613K [0x0000000082400000, 0x0000000100000000)
  region size 1024K, 54 young (55296K), 5 survivors (5120K)
 Metaspace       used 85182K, capacity 86865K, committed 86992K, reserved 1126400K
  class space    used 10195K, capacity 10880K, committed 10964K, reserved 1048576K
}
Event: 458.129 GC heap after
{Heap after GC invocations=32 (full 2):
 garbage-first heap   total 116736K, used 44203K [0x0000000082400000, 0x0000000100000000)
  region size 1024K, 5 young (5120K), 5 survivors (5120K)
 Metaspace       used 85182K, capacity 86865K, committed 86992K, reserved 1126400K
  class space    used 10195K, capacity 10880K, committed 10964K, reserved 1048576K
}
Event: 598.799 GC heap before
{Heap before GC invocations=32 (full 2):
 garbage-first heap   total 116736K, used 94379K [0x0000000082400000, 0x0000000100000000)
  region size 1024K, 54 young (55296K), 5 survivors (5120K)
 Metaspace       used 85197K, capacity 86929K, committed 87248K, reserved 1126400K
  class space    used 10195K, capacity 10880K, committed 10964K, reserved 1048576K
}
Event: 598.802 GC heap after
{Heap after GC invocations=33 (full 2):
 garbage-first heap   total 116736K, used 44024K [0x0000000082400000, 0x0000000100000000)
  region size 1024K, 3 young (3072K), 3 survivors (3072K)
 Metaspace       used 85197K, capacity 86929K, committed 87248K, reserved 1126400K
  class space    used 10195K, capacity 10880K, committed 10964K, reserved 1048576K
}
Event: 739.103 GC heap before
{Heap before GC invocations=33 (full 2):
 garbage-first heap   total 116736K, used 95224K [0x0000000082400000, 0x0000000100000000)
  region size 1024K, 53 young (54272K), 3 survivors (3072K)
 Metaspace       used 85250K, capacity 86936K, committed 87248K, reserved 1126400K
  class space    used 10199K, capacity 10882K, committed 10964K, reserved 1048576K
}
Event: 739.110 GC heap after
{Heap after GC invocations=34 (full 2):
 garbage-first heap   total 116736K, used 44077K [0x0000000082400000, 0x0000000100000000)
  region size 1024K, 3 young (3072K), 3 survivors (3072K)
 Metaspace       used 85250K, capacity 86936K, committed 87248K, reserved 1126400K
  class space    used 10199K, capacity 10882K, committed 10964K, reserved 1048576K
}
Event: 882.008 GC heap before
{Heap before GC invocations=34 (full 2):
 garbage-first heap   total 116736K, used 96301K [0x0000000082400000, 0x0000000100000000)
  region size 1024K, 54 young (55296K), 3 survivors (3072K)
 Metaspace       used 85281K, capacity 87003K, committed 87248K, reserved 1126400K
  class space    used 10199K, capacity 10883K, committed 10964K, reserved 1048576K
}
Event: 882.011 GC heap after
{Heap after GC invocations=35 (full 2):
 garbage-first heap   total 116736K, used 44124K [0x0000000082400000, 0x0000000100000000)
  region size 1024K, 3 young (3072K), 3 survivors (3072K)
 Metaspace       used 85281K, capacity 87003K, committed 87248K, reserved 1126400K
  class space    used 10199K, capacity 10883K, committed 10964K, reserved 1048576K
}
Event: 1017.871 GC heap before
{Heap before GC invocations=35 (full 2):
 garbage-first heap   total 116736K, used 96348K [0x0000000082400000, 0x0000000100000000)
  region size 1024K, 54 young (55296K), 3 survivors (3072K)
 Metaspace       used 85498K, capacity 87231K, committed 87504K, reserved 1126400K
  class space    used 10209K, capacity 10892K, committed 10964K, reserved 1048576K
}
Event: 1017.876 GC heap after
{Heap after GC invocations=36 (full 2):
 garbage-first heap   total 116736K, used 44171K [0x0000000082400000, 0x0000000100000000)
  region size 1024K, 3 young (3072K), 3 survivors (3072K)
 Metaspace       used 85498K, capacity 87231K, committed 87504K, reserved 1126400K
  class space    used 10209K, capacity 10892K, committed 10964K, reserved 1048576K
}

