# JRE version: Java(TM) SE Runtime Environment 18.9 (11.0.15.1+2) (build 11.0.15.1+2-LTS-10)
# Java VM: Java HotSpot(TM) 64-Bit Server VM 18.9 (11.0.15.1+2-LTS-10, mixed mode, tiered, compressed oops, g1 gc, windows-amd64)
Heap:
 garbage-first heap   total 129024K, used 52213K [0x0000000082400000, 0x0000000100000000)
  region size 1024K, 45 young (46080K), 6 survivors (6144K)
 Metaspace       used 32065K, capacity 32834K, committed 33148K, reserved 1079296K
  class space    used 3816K, capacity 4124K, committed 4224K, reserved 1048576K
GC Heap History (8 events):
Event: 0.962 GC heap before
{Heap before GC invocations=0 (full 0):
 garbage-first heap   total 129024K, used 24576K [0x0000000082400000, 0x0000000100000000)
  region size 1024K, 24 young (24576K), 0 survivors (0K)
 Metaspace       used 13393K, capacity 13648K, committed 13824K, reserved 1060864K
  class space    used 1341K, capacity 1431K, committed 1536K, reserved 1048576K
}
Event: 0.968 GC heap after
{Heap after GC invocations=1 (full 0):
 garbage-first heap   total 129024K, used 7977K [0x0000000082400000, 0x0000000100000000)
  region size 1024K, 3 young (3072K), 3 survivors (3072K)
 Metaspace       used 13393K, capacity 13648K, committed 13824K, reserved 1060864K
  class space    used 1341K, capacity 1431K, committed 1536K, reserved 1048576K
}
Event: 1.171 GC heap before
{Heap before GC invocations=1 (full 0):
 garbage-first heap   total 129024K, used 29481K [0x0000000082400000, 0x0000000100000000)
  region size 1024K, 24 young (24576K), 3 survivors (3072K)
 Metaspace       used 17553K, capacity 17829K, committed 18048K, reserved 1064960K
  class space    used 1970K, capacity 2081K, committed 2176K, reserved 1048576K
}
Event: 1.174 GC heap after
{Heap after GC invocations=2 (full 0):
 garbage-first heap   total 129024K, used 8903K [0x0000000082400000, 0x0000000100000000)
  region size 1024K, 2 young (2048K), 2 survivors (2048K)
 Metaspace       used 17553K, capacity 17829K, committed 18048K, reserved 1064960K
  class space    used 1970K, capacity 2081K, committed 2176K, reserved 1048576K
}
Event: 1.353 GC heap before
{Heap before GC invocations=2 (full 0):
 garbage-first heap   total 129024K, used 25287K [0x0000000082400000, 0x0000000100000000)
  region size 1024K, 19 young (19456K), 2 survivors (2048K)
 Metaspace       used 20766K, capacity 21138K, committed 21248K, reserved 1069056K
  class space    used 2397K, capacity 2553K, committed 2560K, reserved 1048576K
}
Event: 1.356 GC heap after
{Heap after GC invocations=3 (full 0):
 garbage-first heap   total 129024K, used 9558K [0x0000000082400000, 0x0000000100000000)
  region size 1024K, 2 young (2048K), 2 survivors (2048K)
 Metaspace       used 20766K, capacity 21138K, committed 21248K, reserved 1069056K
  class space    used 2397K, capacity 2553K, committed 2560K, reserved 1048576K
}
Event: 2.512 GC heap before
{Heap before GC invocations=4 (full 0):
 garbage-first heap   total 129024K, used 75094K [0x0000000082400000, 0x0000000100000000)
  region size 1024K, 66 young (67584K), 2 survivors (2048K)
 Metaspace       used 29275K, capacity 29952K, committed 30076K, reserved 1075200K
  class space    used 3428K, capacity 3706K, committed 3712K, reserved 1048576K
}
Event: 2.518 GC heap after
{Heap after GC invocations=5 (full 0):
 garbage-first heap   total 129024K, used 13301K [0x0000000082400000, 0x0000000100000000)
  region size 1024K, 6 young (6144K), 6 survivors (6144K)
 Metaspace       used 29275K, capacity 29952K, committed 30076K, reserved 1075200K
  class space    used 3428K, capacity 3706K, committed 3712K, reserved 1048576K
}

