# JRE version: Java(TM) SE Runtime Environment 18.9 (11.0.15.1+2) (build 11.0.15.1+2-LTS-10)
# Java VM: Java HotSpot(TM) 64-Bit Server VM 18.9 (11.0.15.1+2-LTS-10, mixed mode, tiered, compressed oops, g1 gc, windows-amd64)
Heap:
 garbage-first heap   total 155648K, used 75007K [0x0000000082400000, 0x0000000100000000)
  region size 1024K, 47 young (48128K), 8 survivors (8192K)
 Metaspace       used 76052K, capacity 77554K, committed 77868K, reserved 1118208K
  class space    used 9437K, capacity 10025K, committed 10112K, reserved 1048576K
GC Heap History (10 events):
Event: 8.604 GC heap before
{Heap before GC invocations=9 (full 0):
 garbage-first heap   total 129024K, used 90601K [0x0000000082400000, 0x0000000100000000)
  region size 1024K, 73 young (74752K), 10 survivors (10240K)
 Metaspace       used 52832K, capacity 53970K, committed 54060K, reserved 1095680K
  class space    used 6561K, capacity 6972K, committed 7040K, reserved 1048576K
}
Event: 8.619 GC heap after
{Heap after GC invocations=10 (full 0):
 garbage-first heap   total 155648K, used 28232K [0x0000000082400000, 0x0000000100000000)
  region size 1024K, 2 young (2048K), 2 survivors (2048K)
 Metaspace       used 52832K, capacity 53970K, committed 54060K, reserved 1095680K
  class space    used 6561K, capacity 6972K, committed 7040K, reserved 1048576K
}
Event: 9.900 GC heap before
{Heap before GC invocations=10 (full 0):
 garbage-first heap   total 155648K, used 74312K [0x0000000082400000, 0x0000000100000000)
  region size 1024K, 48 young (49152K), 2 survivors (2048K)
 Metaspace       used 58472K, capacity 59563K, committed 59692K, reserved 1101824K
  class space    used 7247K, capacity 7700K, committed 7808K, reserved 1048576K
}
Event: 9.907 GC heap after
{Heap after GC invocations=11 (full 0):
 garbage-first heap   total 155648K, used 29897K [0x0000000082400000, 0x0000000100000000)
  region size 1024K, 4 young (4096K), 4 survivors (4096K)
 Metaspace       used 58472K, capacity 59563K, committed 59692K, reserved 1101824K
  class space    used 7247K, capacity 7700K, committed 7808K, reserved 1048576K
}
Event: 11.119 GC heap before
{Heap before GC invocations=12 (full 0):
 garbage-first heap   total 155648K, used 100553K [0x0000000082400000, 0x0000000100000000)
  region size 1024K, 73 young (74752K), 4 survivors (4096K)
 Metaspace       used 62664K, capacity 63928K, committed 64172K, reserved 1105920K
  class space    used 7900K, capacity 8396K, committed 8448K, reserved 1048576K
}
Event: 11.130 GC heap after
{Heap after GC invocations=13 (full 0):
 garbage-first heap   total 155648K, used 31284K [0x0000000082400000, 0x0000000100000000)
  region size 1024K, 5 young (5120K), 5 survivors (5120K)
 Metaspace       used 62664K, capacity 63928K, committed 64172K, reserved 1105920K
  class space    used 7900K, capacity 8396K, committed 8448K, reserved 1048576K
}
Event: 12.311 GC heap before
{Heap before GC invocations=13 (full 0):
 garbage-first heap   total 155648K, used 103988K [0x0000000082400000, 0x0000000100000000)
  region size 1024K, 76 young (77824K), 5 survivors (5120K)
 Metaspace       used 65940K, capacity 67315K, committed 67500K, reserved 1107968K
  class space    used 8177K, capacity 8672K, committed 8704K, reserved 1048576K
}
Event: 12.322 GC heap after
{Heap after GC invocations=14 (full 0):
 garbage-first heap   total 155648K, used 33781K [0x0000000082400000, 0x0000000100000000)
  region size 1024K, 8 young (8192K), 8 survivors (8192K)
 Metaspace       used 65940K, capacity 67315K, committed 67500K, reserved 1107968K
  class space    used 8177K, capacity 8672K, committed 8704K, reserved 1048576K
}
Event: 26.250 GC heap before
{Heap before GC invocations=14 (full 0):
 garbage-first heap   total 155648K, used 107509K [0x0000000082400000, 0x0000000100000000)
  region size 1024K, 80 young (81920K), 8 survivors (8192K)
 Metaspace       used 70472K, capacity 71966K, committed 72108K, reserved 1112064K
  class space    used 8800K, capacity 9360K, committed 9472K, reserved 1048576K
}
Event: 26.263 GC heap after
{Heap after GC invocations=15 (full 0):
 garbage-first heap   total 155648K, used 37119K [0x0000000082400000, 0x0000000100000000)
  region size 1024K, 8 young (8192K), 8 survivors (8192K)
 Metaspace       used 70472K, capacity 71966K, committed 72108K, reserved 1112064K
  class space    used 8800K, capacity 9360K, committed 9472K, reserved 1048576K
}

