# JRE version: Java(TM) SE Runtime Environment 18.9 (11.0.15.1+2) (build 11.0.15.1+2-LTS-10)
# Java VM: Java HotSpot(TM) 64-Bit Server VM 18.9 (11.0.15.1+2-LTS-10, mixed mode, tiered, compressed oops, g1 gc, windows-amd64)
Heap:
 garbage-first heap   total 187392K, used 55101K [0x0000000082400000, 0x0000000100000000)
  region size 1024K, 29 young (29696K), 11 survivors (11264K)
 Metaspace       used 70215K, capacity 71743K, committed 72108K, reserved 1112064K
  class space    used 8784K, capacity 9357K, committed 9472K, reserved 1048576K
GC Heap History (10 events):
Event: 5.900 GC heap before
{Heap before GC invocations=8 (full 0):
 garbage-first heap   total 155648K, used 101003K [0x0000000082400000, 0x0000000100000000)
  region size 1024K, 86 young (88064K), 5 survivors (5120K)
 Metaspace       used 49113K, capacity 50212K, committed 50348K, reserved 1093632K
  class space    used 5876K, capacity 6321K, committed 6400K, reserved 1048576K
}
Event: 5.910 GC heap after
{Heap after GC invocations=9 (full 0):
 garbage-first heap   total 155648K, used 26792K [0x0000000082400000, 0x0000000100000000)
  region size 1024K, 11 young (11264K), 11 survivors (11264K)
 Metaspace       used 49113K, capacity 50212K, committed 50348K, reserved 1093632K
  class space    used 5876K, capacity 6321K, committed 6400K, reserved 1048576K
}
Event: 7.442 GC heap before
{Heap before GC invocations=9 (full 0):
 garbage-first heap   total 155648K, used 105640K [0x0000000082400000, 0x0000000100000000)
  region size 1024K, 88 young (90112K), 11 survivors (11264K)
 Metaspace       used 57173K, capacity 58237K, committed 58540K, reserved 1099776K
  class space    used 7113K, capacity 7557K, committed 7680K, reserved 1048576K
}
Event: 7.453 GC heap after
{Heap after GC invocations=10 (full 0):
 garbage-first heap   total 155648K, used 30421K [0x0000000082400000, 0x0000000100000000)
  region size 1024K, 4 young (4096K), 4 survivors (4096K)
 Metaspace       used 57173K, capacity 58237K, committed 58540K, reserved 1099776K
  class space    used 7113K, capacity 7557K, committed 7680K, reserved 1048576K
}
Event: 7.722 GC heap before
{Heap before GC invocations=10 (full 0):
 garbage-first heap   total 155648K, used 44757K [0x0000000082400000, 0x0000000100000000)
  region size 1024K, 19 young (19456K), 4 survivors (4096K)
 Metaspace       used 58441K, capacity 59567K, committed 59692K, reserved 1101824K
  class space    used 7241K, capacity 7701K, committed 7808K, reserved 1048576K
}
Event: 7.729 GC heap after
{Heap after GC invocations=11 (full 0):
 garbage-first heap   total 187392K, used 29952K [0x0000000082400000, 0x0000000100000000)
  region size 1024K, 4 young (4096K), 4 survivors (4096K)
 Metaspace       used 58441K, capacity 59567K, committed 59692K, reserved 1101824K
  class space    used 7241K, capacity 7701K, committed 7808K, reserved 1048576K
}
Event: 9.101 GC heap before
{Heap before GC invocations=12 (full 0):
 garbage-first heap   total 187392K, used 120064K [0x0000000082400000, 0x0000000100000000)
  region size 1024K, 92 young (94208K), 4 survivors (4096K)
 Metaspace       used 63728K, capacity 64989K, committed 65068K, reserved 1105920K
  class space    used 8031K, capacity 8509K, committed 8576K, reserved 1048576K
}
Event: 9.106 GC heap after
{Heap after GC invocations=13 (full 0):
 garbage-first heap   total 187392K, used 32408K [0x0000000082400000, 0x0000000100000000)
  region size 1024K, 6 young (6144K), 6 survivors (6144K)
 Metaspace       used 63728K, capacity 64989K, committed 65068K, reserved 1105920K
  class space    used 8031K, capacity 8509K, committed 8576K, reserved 1048576K
}
Event: 10.535 GC heap before
{Heap before GC invocations=13 (full 0):
 garbage-first heap   total 187392K, used 137880K [0x0000000082400000, 0x0000000100000000)
  region size 1024K, 109 young (111616K), 6 survivors (6144K)
 Metaspace       used 69520K, capacity 71027K, committed 71212K, reserved 1112064K
  class space    used 8690K, capacity 9267K, committed 9344K, reserved 1048576K
}
Event: 10.543 GC heap after
{Heap after GC invocations=14 (full 0):
 garbage-first heap   total 187392K, used 37693K [0x0000000082400000, 0x0000000100000000)
  region size 1024K, 11 young (11264K), 11 survivors (11264K)
 Metaspace       used 69520K, capacity 71027K, committed 71212K, reserved 1112064K
  class space    used 8690K, capacity 9267K, committed 9344K, reserved 1048576K
}

